<?xml version="1.0" encoding="UTF-8"?>
<!-- Generated by org.testng.reporters.JUnitXMLReporter -->
<testsuite ignored="6" hostname="ram" failures="0" tests="1" name="Default test" time="16.261" errors="0" timestamp="2024-09-20T20:44:21 IST">
  <testcase classname="com.allBirds.qa.testcases.LoginPageTest" name="loginTest" time="10.189"/>
  <testcase classname="com.allBirds.qa.testcases.LoginPageTest" name="testLogin" time="0.0">
    <ignored/>
  </testcase> <!-- testLogin -->
  <testcase classname="com.allBirds.qa.testcases.LoginPageTest" name="validateEmailAndPasswordFieldsTest" time="0.0">
    <ignored/>
  </testcase> <!-- validateEmailAndPasswordFieldsTest -->
  <testcase classname="com.allBirds.qa.testcases.LoginPageTest" name="validateErrorMessageForInvalidLoginTest" time="0.0">
    <ignored/>
  </testcase> <!-- validateErrorMessageForInvalidLoginTest -->
  <testcase classname="com.allBirds.qa.testcases.LoginPageTest" name="validateLoginPageTitleTest" time="0.0">
    <ignored/>
  </testcase> <!-- validateLoginPageTitleTest -->
  <testcase classname="com.allBirds.qa.testcases.LoginPageTest" name="validateSignInButtonTest" time="0.0">
    <ignored/>
  </testcase> <!-- validateSignInButtonTest -->
  <testcase classname="com.allBirds.qa.testcases.LoginPageTest" name="loginFailureTest" time="0.0">
    <ignored/>
  </testcase> <!-- loginFailureTest -->
</testsuite> <!-- Default test -->
