<?xml version="1.0" encoding="UTF-8"?>
<testng-results ignored="0" total="1" passed="1" failed="0" skipped="0">
  <reporter-output>
  </reporter-output>
  <suite started-at="2024-09-20T20:44:05 IST" name="Default suite" finished-at="2024-09-20T20:44:21 IST" duration-ms="16261">
    <groups>
    </groups>
    <test started-at="2024-09-20T20:44:05 IST" name="Default test" finished-at="2024-09-20T20:44:21 IST" duration-ms="16261">
      <class name="com.allBirds.qa.testcases.LoginPageTest">
        <test-method is-config="true" signature="setup()[pri:0, instance:com.allBirds.qa.testcases.LoginPageTest@58ae402b]" started-at="2024-09-20T20:44:05 IST" name="setup" finished-at="2024-09-20T20:44:11 IST" duration-ms="5432" status="PASS">
          <reporter-output>
          </reporter-output>
        </test-method> <!-- setup -->
        <test-method signature="loginTest()[pri:1, instance:com.allBirds.qa.testcases.LoginPageTest@58ae402b]" started-at="2024-09-20T20:44:11 IST" name="loginTest" finished-at="2024-09-20T20:44:21 IST" duration-ms="10189" status="PASS">
          <reporter-output>
          </reporter-output>
        </test-method> <!-- loginTest -->
        <test-method is-config="true" signature="tearDown()[pri:0, instance:com.allBirds.qa.testcases.LoginPageTest@58ae402b]" started-at="2024-09-20T20:44:21 IST" name="tearDown" finished-at="2024-09-20T20:44:21 IST" duration-ms="347" status="PASS">
          <reporter-output>
          </reporter-output>
        </test-method> <!-- tearDown -->
      </class> <!-- com.allBirds.qa.testcases.LoginPageTest -->
    </test> <!-- Default test -->
  </suite> <!-- Default suite -->
</testng-results>
